<?xml version="1.0" encoding="UTF-8"?>
<!-- Generated by org.testng.reporters.JUnitXMLReporter -->
<testsuite ignored="0" hostname="DESKTOP-RGEAL2J" failures="2" tests="2" name="Test" time="32.588" errors="0" timestamp="2024-09-29T13:24:29 EDT">
  <testcase classname="testCases.AcctRegistrationTest" name="validateAcctRegistration" time="3.146">
    <failure type="java.lang.AssertionError" message="expected [Your Account Has Been Created! !] but found [Your Account Has Been Created!]">
      <![CDATA[java.lang.AssertionError: expected [Your Account Has Been Created! !] but found [Your Account Has Been Created!]
at testCases.AcctRegistrationTest.validateAcctRegistration(AcctRegistrationTest.java:44)
at java.base/java.util.ArrayList.forEach(ArrayList.java:1596)
... Removed 31 stack frames]]>
    </failure>
  </testcase> <!-- validateAcctRegistration -->
  <testcase classname="testCases.LoginTest" name="validateLogin" time="18.582">
    <failure type="java.lang.AssertionError" message="Login Failed! expected [true] but found [false]">
      <![CDATA[java.lang.AssertionError: Login Failed! expected [true] but found [false]
at testCases.LoginTest.validateLogin(LoginTest.java:41)
at java.base/java.util.ArrayList.forEach(ArrayList.java:1596)
... Removed 31 stack frames]]>
    </failure>
  </testcase> <!-- validateLogin -->
</testsuite> <!-- Test -->
