<?xml version="1.0" encoding="UTF-8"?>
<testng-results ignored="0" total="2" passed="2" failed="0" skipped="0">
  <reporter-output>
  </reporter-output>
  <suite started-at="2024-10-06T11:56:29 EDT" name="Suite" finished-at="2024-10-06T11:56:45 EDT" duration-ms="16083">
    <groups>
    </groups>
    <test started-at="2024-10-06T11:56:29 EDT" name="Test" finished-at="2024-10-06T11:56:45 EDT" duration-ms="16083">
      <class name="testCases.AcctRegistrationTest">
        <test-method is-config="true" signature="setup(java.lang.String,java.lang.String)[pri:0, instance:testCases.AcctRegistrationTest@737a135b]" started-at="2024-10-06T11:56:29 EDT" name="setup" finished-at="2024-10-06T11:56:35 EDT" duration-ms="5294" status="PASS">
          <params>
            <param index="0">
              <value>
                <![CDATA[Windows]]>
              </value>
            </param>
            <param index="1">
              <value>
                <![CDATA[chrome]]>
              </value>
            </param>
          </params>
          <reporter-output>
          </reporter-output>
        </test-method> <!-- setup -->
        <test-method signature="validateAcctRegistration()[pri:0, instance:testCases.AcctRegistrationTest@737a135b]" started-at="2024-10-06T11:56:35 EDT" name="validateAcctRegistration" finished-at="2024-10-06T11:56:38 EDT" duration-ms="2989" status="PASS">
          <reporter-output>
          </reporter-output>
        </test-method> <!-- validateAcctRegistration -->
        <test-method is-config="true" signature="tearDown()[pri:0, instance:testCases.AcctRegistrationTest@737a135b]" started-at="2024-10-06T11:56:38 EDT" name="tearDown" finished-at="2024-10-06T11:56:38 EDT" duration-ms="315" status="PASS">
          <reporter-output>
          </reporter-output>
        </test-method> <!-- tearDown -->
      </class> <!-- testCases.AcctRegistrationTest -->
      <class name="testCases.LoginTest">
        <test-method is-config="true" signature="setup(java.lang.String,java.lang.String)[pri:0, instance:testCases.LoginTest@736caf7a]" started-at="2024-10-06T11:56:38 EDT" name="setup" finished-at="2024-10-06T11:56:43 EDT" duration-ms="4653" status="PASS">
          <params>
            <param index="0">
              <value>
                <![CDATA[Windows]]>
              </value>
            </param>
            <param index="1">
              <value>
                <![CDATA[chrome]]>
              </value>
            </param>
          </params>
          <reporter-output>
          </reporter-output>
        </test-method> <!-- setup -->
        <test-method signature="validateLogin()[pri:0, instance:testCases.LoginTest@736caf7a]" started-at="2024-10-06T11:56:43 EDT" name="validateLogin" finished-at="2024-10-06T11:56:45 EDT" duration-ms="2088" status="PASS">
          <reporter-output>
          </reporter-output>
        </test-method> <!-- validateLogin -->
        <test-method is-config="true" signature="tearDown()[pri:0, instance:testCases.LoginTest@736caf7a]" started-at="2024-10-06T11:56:45 EDT" name="tearDown" finished-at="2024-10-06T11:56:45 EDT" duration-ms="263" status="PASS">
          <reporter-output>
          </reporter-output>
        </test-method> <!-- tearDown -->
      </class> <!-- testCases.LoginTest -->
    </test> <!-- Test -->
  </suite> <!-- Suite -->
</testng-results>
